<?xml version="1.0" encoding="UTF-8"?>
<!-- Generated by org.testng.reporters.JUnitReportReporter -->
<testsuite hostname="IL-1270" name="com.deere.testCases.GSCTestCases" tests="1" failures="0" timestamp="20 Aug 2018 09:56:59 GMT" time="198.305" errors="0">
  <testcase name="test_TC6585_GSCButtons" time="198.305" classname="com.deere.testCases.GSCTestCases"/>
</testsuite> <!-- com.deere.testCases.GSCTestCases -->
